<?xml version="1.0" encoding="UTF-8"?>
<testng-results ignored="0" total="1" passed="1" failed="0" skipped="0">
  <reporter-output>
  </reporter-output>
  <suite started-at="2026-02-12T14:31:39 IST" name="Surefire suite" finished-at="2026-02-12T14:31:40 IST" duration-ms="733">
    <groups>
    </groups>
    <test started-at="2026-02-12T14:31:39 IST" name="Surefire test" finished-at="2026-02-12T14:31:40 IST" duration-ms="733">
      <class name="com.example.GetUsersTest">
        <test-method is-config="true" signature="setup()[pri:0, instance:com.example.GetUsersTest@587c290d]" started-at="2026-02-12T14:31:39 IST" name="setup" finished-at="2026-02-12T14:31:39 IST" duration-ms="199" status="PASS">
          <reporter-output>
          </reporter-output>
        </test-method> <!-- setup -->
        <test-method signature="getUsers()[pri:0, instance:com.example.GetUsersTest@587c290d]" started-at="2026-02-12T14:31:39 IST" name="getUsers" finished-at="2026-02-12T14:31:40 IST" duration-ms="522" status="PASS">
          <reporter-output>
          </reporter-output>
        </test-method> <!-- getUsers -->
      </class> <!-- com.example.GetUsersTest -->
    </test> <!-- Surefire test -->
  </suite> <!-- Surefire suite -->
</testng-results>
