<?xml version="1.0" encoding="UTF-8"?>
<testsuite xmlns:xsi="http://www.w3.org/2001/XMLSchema-instance" xsi:noNamespaceSchemaLocation="https://maven.apache.org/surefire/maven-surefire-plugin/xsd/surefire-test-report.xsd" name="TestSuite" time="1.129" tests="8" errors="0" skipped="0" failures="0">
  <properties>
[...]
</properties>
  <testcase name="getDefaultUser" classname="com.example.GetUsersTest" time="0.552"/>
  <testcase name="getUserWithName" classname="com.example.GetUsersTest" time="0.014"/>
  <testcase name="invalidEndpoint" classname="com.example.GetUsersTest" time="0.013"/>
  <testcase name="validateResponseTime" classname="com.example.GetUsersTest" time="0.01"/>
  <testcase name="loginSuccessUsingPojo" classname="com.example.LoginTest" time="0.134"/>
  <testcase name="loginWithGetMethod" classname="com.example.LoginTest" time="0.004"/>
  <testcase name="loginWithoutEmail" classname="com.example.LoginTest" time="0.006"/>
  <testcase name="loginWithoutPassword" classname="com.example.LoginTest" time="0.006"/>
</testsuite>