<?xml version="1.0" encoding="UTF-8"?>
<!-- Generated by org.testng.reporters.JUnitXMLReporter -->
<testsuite ignored="0" hostname="Aryans-MacBook-Pro-2.local" failures="0" tests="8" name="Surefire test" time="0.963" errors="0" timestamp="2026-02-12T14:47:27 IST">
  <testcase classname="com.example.GetUsersTest" name="getDefaultUser" time="0.552"/>
  <testcase classname="com.example.GetUsersTest" name="getUserWithName" time="0.013"/>
  <testcase classname="com.example.GetUsersTest" name="invalidEndpoint" time="0.013"/>
  <testcase classname="com.example.GetUsersTest" name="validateResponseTime" time="0.01"/>
  <testcase classname="com.example.LoginTest" name="loginSuccessUsingPojo" time="0.134"/>
  <testcase classname="com.example.LoginTest" name="loginWithGetMethod" time="0.004"/>
  <testcase classname="com.example.LoginTest" name="loginWithoutEmail" time="0.006"/>
  <testcase classname="com.example.LoginTest" name="loginWithoutPassword" time="0.007"/>
</testsuite> <!-- Surefire test -->
