<?xml version="1.0" encoding="UTF-8"?>
<!-- Generated by org.testng.reporters.JUnitXMLReporter -->
<testsuite ignored="0" hostname="7df732baa2c3" failures="0" tests="8" name="Surefire test" time="1.742" errors="0" timestamp="2026-02-17T06:13:54 UTC">
  <testcase classname="com.example.GetUsersTest" name="getDefaultUser" time="0.978"/>
  <testcase classname="com.example.GetUsersTest" name="getUserWithName" time="0.044"/>
  <testcase classname="com.example.GetUsersTest" name="invalidEndpoint" time="0.026"/>
  <testcase classname="com.example.GetUsersTest" name="validateResponseTime" time="0.033"/>
  <testcase classname="com.example.LoginTest" name="loginSuccessUsingPojo" time="0.3"/>
  <testcase classname="com.example.LoginTest" name="loginWithGetMethod" time="0.01"/>
  <testcase classname="com.example.LoginTest" name="loginWithoutEmail" time="0.016"/>
  <testcase classname="com.example.LoginTest" name="loginWithoutPassword" time="0.012"/>
</testsuite> <!-- Surefire test -->
