<?xml version="1.0" encoding="UTF-8"?>
<!-- Generated by org.testng.reporters.JUnitReportReporter -->
<testsuite hostname="Aryans-MacBook-Pro-2.local" failures="0" tests="4" name="com.example.GetUsersTest" time="0.588" errors="0" timestamp="2026-02-12T14:47:27 IST" skipped="0">
  <testcase classname="com.example.GetUsersTest" name="getUserWithName" time="0.013"/>
  <testcase classname="com.example.GetUsersTest" name="getDefaultUser" time="0.552"/>
  <testcase classname="com.example.GetUsersTest" name="validateResponseTime" time="0.010"/>
  <testcase classname="com.example.GetUsersTest" name="invalidEndpoint" time="0.013"/>
</testsuite> <!-- com.example.GetUsersTest -->
