<?xml version="1.0" encoding="UTF-8"?>
<!-- Generated by org.testng.reporters.JUnitReportReporter -->
<testsuite hostname="Aryans-MacBook-Pro-2.local" failures="0" tests="4" name="com.example.LoginTest" time="0.151" errors="0" timestamp="2026-02-12T14:47:27 IST" skipped="0">
  <testcase classname="com.example.LoginTest" name="loginSuccessUsingPojo" time="0.134"/>
  <testcase classname="com.example.LoginTest" name="loginWithGetMethod" time="0.004"/>
  <testcase classname="com.example.LoginTest" name="loginWithoutPassword" time="0.007"/>
  <testcase classname="com.example.LoginTest" name="loginWithoutEmail" time="0.006"/>
</testsuite> <!-- com.example.LoginTest -->
