<?xml version="1.0" encoding="UTF-8"?>
<!-- Generated by org.testng.reporters.JUnitReportReporter -->
<testsuite hostname="7df732baa2c3" failures="0" tests="4" name="com.example.GetUsersTest" time="1.081" errors="0" timestamp="2026-02-17T06:13:54 UTC" skipped="0">
  <testcase classname="com.example.GetUsersTest" name="getDefaultUser" time="0.978"/>
  <testcase classname="com.example.GetUsersTest" name="getUserWithName" time="0.044"/>
  <testcase classname="com.example.GetUsersTest" name="validateResponseTime" time="0.033"/>
  <testcase classname="com.example.GetUsersTest" name="invalidEndpoint" time="0.026"/>
</testsuite> <!-- com.example.GetUsersTest -->
