<?xml version="1.0" encoding="UTF-8"?>
<!-- Generated by org.testng.reporters.JUnitReportReporter -->
<testsuite hostname="7df732baa2c3" failures="0" tests="4" name="com.example.LoginTest" time="0.338" errors="0" timestamp="2026-02-17T06:13:54 UTC" skipped="0">
  <testcase classname="com.example.LoginTest" name="loginSuccessUsingPojo" time="0.300"/>
  <testcase classname="com.example.LoginTest" name="loginWithoutPassword" time="0.012"/>
  <testcase classname="com.example.LoginTest" name="loginWithGetMethod" time="0.010"/>
  <testcase classname="com.example.LoginTest" name="loginWithoutEmail" time="0.016"/>
</testsuite> <!-- com.example.LoginTest -->
